Log file open, 02/12/19 14:25:53
LogWindows: Failed to load 'aqProf.dll' (GetLastError=126)
LogWindows: File 'aqProf.dll' does not exist
LogWindows: Failed to load 'VtuneApi.dll' (GetLastError=126)
LogWindows: File 'VtuneApi.dll' does not exist
LogWindows: Failed to load 'VtuneApi32e.dll' (GetLastError=126)
LogWindows: File 'VtuneApi32e.dll' does not exist
LogConsoleResponse: Display: Failed to find resolution value strings in scalability ini. Falling back to default.
LogInit: Display: Running engine for game: HSP_Game
LogPakFile: Registered encryption key '00000000000000000000000000000000': 0 pak files mounted, 0 remain pending
LogPlatformFile: Not using cached read wrapper
LogTaskGraph: Started task graph with 5 named threads and 23 total threads with 3 sets of task threads.
LogStats: Stats thread started at 0.640994
LogD3D11RHI: Loaded GFSDK_Aftermath_Lib.x64.dll
LogICUInternationalization: ICU TimeZone Detection - Raw Offset: -8:00, Platform Override: ''
LogPluginManager: Mounting plugin Paper2D
LogPluginManager: Mounting plugin AISupport
LogPluginManager: Mounting plugin LightPropagationVolume
LogPluginManager: Mounting plugin ActorLayerUtilities
LogPluginManager: Mounting plugin CLionSourceCodeAccess
LogPluginManager: Mounting plugin CodeLiteSourceCodeAccess
LogPluginManager: Mounting plugin GitSourceControl
LogPluginManager: Mounting plugin KDevelopSourceCodeAccess
LogPluginManager: Mounting plugin NullSourceCodeAccess
LogPluginManager: Mounting plugin PerforceSourceControl
LogPluginManager: Mounting plugin SubversionSourceControl
LogPluginManager: Mounting plugin UObjectPlugin
LogPluginManager: Mounting plugin VisualStudioCodeSourceCodeAccess
LogPluginManager: Mounting plugin VisualStudioSourceCodeAccess
LogPluginManager: Mounting plugin XCodeSourceCodeAccess
LogPluginManager: Mounting plugin AssetManagerEditor
LogPluginManager: Mounting plugin CryptoKeys
LogPluginManager: Mounting plugin DataValidation
LogPluginManager: Mounting plugin FacialAnimation
LogPluginManager: Mounting plugin GameplayTagsEditor
LogPluginManager: Mounting plugin MacGraphicsSwitching
LogPluginManager: Mounting plugin MeshEditor
LogPluginManager: Mounting plugin MobileLauncherProfileWizard
LogPluginManager: Mounting plugin PluginBrowser
LogPluginManager: Mounting plugin SpeedTreeImporter
LogPluginManager: Mounting plugin DatasmithContent
LogPluginManager: Mounting plugin VariantManagerContent
LogPluginManager: Mounting plugin AlembicImporter
LogPluginManager: Mounting plugin AppleImageUtils
LogPluginManager: Mounting plugin AppleVision
LogPluginManager: Mounting plugin BackChannel
LogPluginManager: Mounting plugin CharacterAI
LogPluginManager: Mounting plugin GeometryCache
LogPluginManager: Mounting plugin HTML5Networking
LogPluginManager: Mounting plugin ProxyLODPlugin
LogPluginManager: Mounting plugin MagicLeap
LogPluginManager: Mounting plugin MagicLeapMedia
LogPluginManager: Mounting plugin AndroidMedia
LogPluginManager: Mounting plugin AvfMedia
LogPluginManager: Mounting plugin ImgMedia
LogPluginManager: Mounting plugin LinearTimecode
LogPluginManager: Mounting plugin MediaCompositing
LogPluginManager: Mounting plugin MediaPlayerEditor
LogPluginManager: Mounting plugin WebMMedia
LogPluginManager: Mounting plugin WmfMedia
LogPluginManager: Mounting plugin TcpMessaging
LogPluginManager: Mounting plugin UdpMessaging
LogPluginManager: Mounting plugin ActorSequence
LogPluginManager: Mounting plugin LevelSequenceEditor
LogPluginManager: Mounting plugin MatineeToLevelSequence
LogPluginManager: Mounting plugin NetcodeUnitTest
LogPluginManager: Mounting plugin NUTUnrealEngine4
LogPluginManager: Mounting plugin OnlineSubsystemGooglePlay
LogPluginManager: Mounting plugin OnlineSubsystemIOS
LogPluginManager: Mounting plugin OnlineSubsystem
LogPluginManager: Mounting plugin OnlineSubsystemNull
LogPluginManager: Mounting plugin OnlineSubsystemUtils
LogPluginManager: Mounting plugin LauncherChunkInstaller
LogPluginManager: Mounting plugin AndroidDeviceProfileSelector
LogPluginManager: Mounting plugin AndroidMoviePlayer
LogPluginManager: Mounting plugin AndroidPermission
LogPluginManager: Mounting plugin AppleMoviePlayer
LogPluginManager: Mounting plugin ArchVisCharacter
LogPluginManager: Mounting plugin AudioCapture
LogPluginManager: Mounting plugin CableComponent
LogPluginManager: Mounting plugin CustomMeshComponent
LogPluginManager: Mounting plugin EditableMesh
LogPluginManager: Mounting plugin ExampleDeviceProfileSelector
LogPluginManager: Mounting plugin Firebase
LogPluginManager: Mounting plugin GoogleCloudMessaging
LogPluginManager: Mounting plugin IOSDeviceProfileSelector
LogPluginManager: Mounting plugin LinuxDeviceProfileSelector
LogPluginManager: Mounting plugin LocationServicesBPLibrary
LogPluginManager: Mounting plugin MobilePatchingUtils
LogPluginManager: Mounting plugin OculusVR
LogPluginManager: Mounting plugin PhysXVehicles
LogPluginManager: Mounting plugin ProceduralMeshComponent
LogPluginManager: Mounting plugin RuntimePhysXCooking
LogPluginManager: Mounting plugin SteamVR
LogPluginManager: Mounting plugin WebMMoviePlayer
LogPluginManager: Mounting plugin WindowsMoviePlayer
LogStreaming: Display: Took  0.146s to configure plugins.
LogInit: Using libcurl 7.55.1-DEV
LogInit:  - built for x86_64-pc-win32
LogInit:  - supports SSL with OpenSSL/1.0.2h
LogInit:  - supports HTTP deflate (compression) using libz 1.2.8
LogInit:  - other features:
LogInit:      CURL_VERSION_SSL
LogInit:      CURL_VERSION_LIBZ
LogInit:      CURL_VERSION_IPV6
LogInit:      CURL_VERSION_ASYNCHDNS
LogInit:      CURL_VERSION_LARGEFILE
LogInit:      CURL_VERSION_IDN
LogInit:  CurlRequestOptions (configurable via config and command line):
LogInit:  - bVerifyPeer = true  - Libcurl will verify peer certificate
LogInit:  - bUseHttpProxy = false  - Libcurl will NOT use HTTP proxy
LogInit:  - bDontReuseConnections = false  - Libcurl will reuse connections
LogInit:  - MaxHostConnections = 16  - Libcurl will limit the number of connections to a host
LogInit:  - LocalHostAddr = Default
LogInit:  - BufferSize = 65536
LogInit: WinSock: version 1.1 (2.2), MaxSocks=32767, MaxUdp=65467
LogInit: Build: ++UE4+Release-4.21-CL-4753647
LogInit: Engine Version: 4.21.2-4753647+++UE4+Release-4.21
LogInit: Compatible Engine Version: 4.21.0-4541578+++UE4+Release-4.21
LogInit: Net CL: 4541578
LogInit: OS: Windows 10 (), CPU: Intel(R) Core(TM) i7-6700K CPU @ 4.00GHz, GPU: NVIDIA GeForce RTX 2080
LogInit: Compiled (64-bit): Jan 19 2019 02:07:31
LogInit: Compiled with Visual C++: 19.13.26129.00
LogInit: Build Configuration: Development
LogInit: Branch Name: ++UE4+Release-4.21
LogInit: Command Line:  -skipcompile
LogInit: Base Directory: G:/Games/Epic/Games/UE_4.21/Engine/Binaries/Win64/
LogInit: Installed Engine Build: 1
LogDevObjectVersion: Number of dev versions registered: 22
LogDevObjectVersion:   Dev-Blueprints (B0D832E4-1F89-4F0D-ACCF-7EB736FD4AA2): 10
LogDevObjectVersion:   Dev-Build (E1C64328-A22C-4D53-A36C-8E866417BD8C): 0
LogDevObjectVersion:   Dev-Core (375EC13C-06E4-48FB-B500-84F0262A717E): 2
LogDevObjectVersion:   Dev-Editor (E4B068ED-F494-42E9-A231-DA0B2E46BB41): 26
LogDevObjectVersion:   Dev-Framework (CFFC743F-43B0-4480-9391-14DF171D2073): 34
LogDevObjectVersion:   Dev-Mobile (B02B49B5-BB20-44E9-A304-32B752E40360): 2
LogDevObjectVersion:   Dev-Networking (A4E4105C-59A1-49B5-A7C5-40C4547EDFEE): 0
LogDevObjectVersion:   Dev-Online (39C831C9-5AE6-47DC-9A44-9C173E1C8E7C): 0
LogDevObjectVersion:   Dev-Physics (78F01B33-EBEA-4F98-B9B4-84EACCB95AA2): 0
LogDevObjectVersion:   Dev-Platform (6631380F-2D4D-43E0-8009-CF276956A95A): 0
LogDevObjectVersion:   Dev-Rendering (12F88B9F-8875-4AFC-A67C-D90C383ABD29): 27
LogDevObjectVersion:   Dev-Sequencer (7B5AE74C-D270-4C10-A958-57980B212A5A): 9
LogDevObjectVersion:   Dev-VR (D7296918-1DD6-4BDD-9DE2-64A83CC13884): 2
LogDevObjectVersion:   Dev-LoadTimes (C2A15278-BFE7-4AFE-6C17-90FF531DF755): 1
LogDevObjectVersion:   Private-Geometry (6EACA3D4-40EC-4CC1-B786-8BED09428FC5): 3
LogDevObjectVersion:   Dev-AnimPhys (29E575DD-E0A3-4627-9D10-D276232CDCEA): 17
LogDevObjectVersion:   Dev-Anim (AF43A65D-7FD3-4947-9873-3E8ED9C1BB05): 2
LogDevObjectVersion:   Dev-ReflectionCapture (6B266CEC-1EC7-4B8F-A30B-E4D90942FC07): 1
LogDevObjectVersion:   Dev-Automation (0DF73D61-A23F-47EA-B727-89E90C41499A): 1
LogDevObjectVersion:   FortniteMain (601D1886-AC64-4F84-AA16-D3DE0DEAC7D6): 17
LogDevObjectVersion:   Dev-Enterprise (9DFFBCD6-494F-0158-E221-12823C92A888): 4
LogDevObjectVersion:   Dev-Niagara (F2AED0AC-9AFE-416F-8664-AA7FFA26D6FC): 1
LogStreaming: Display: Took  0.000s to delete old logs.
LogInit: Presizing for max 8388607 objects, including 0 objects not considered by GC, pre-allocating 0 bytes for permanent pool.
LogInit: Object subsystem initialized
LogConfig: Setting CVar [[con.DebugEarlyDefault:1]]
LogConfig: Setting CVar [[r.setres:1280x720]]
[2019.02.12-22.25.54:062][  0]LogConfig: Setting CVar [[r.VSync:0]]
[2019.02.12-22.25.54:062][  0]LogConfig: Setting CVar [[r.RHICmdBypass:0]]
[2019.02.12-22.25.54:062][  0]LogConfig: Applying CVar settings from Section [/Script/Engine.RendererSettings] File [C:/Users/gosus/Documents/CP-School/SeniorProject/gitRepos/Senior-Project-Game/HSP_Game/Saved/Config/Windows/Engine.ini]
[2019.02.12-22.25.54:062][  0]LogConfig: Setting CVar [[r.GPUCrashDebugging:0]]
[2019.02.12-22.25.54:062][  0]LogConfig: Applying CVar settings from Section [/Script/Engine.RendererOverrideSettings] File [C:/Users/gosus/Documents/CP-School/SeniorProject/gitRepos/Senior-Project-Game/HSP_Game/Saved/Config/Windows/Engine.ini]
[2019.02.12-22.25.54:062][  0]LogConfig: Applying CVar settings from Section [/Script/Engine.StreamingSettings] File [C:/Users/gosus/Documents/CP-School/SeniorProject/gitRepos/Senior-Project-Game/HSP_Game/Saved/Config/Windows/Engine.ini]
[2019.02.12-22.25.54:062][  0]LogConfig: Setting CVar [[s.MinBulkDataSizeForAsyncLoading:131072]]
[2019.02.12-22.25.54:062][  0]LogConfig: Setting CVar [[s.AsyncLoadingThreadEnabled:0]]
[2019.02.12-22.25.54:063][  0]LogConfig: Setting CVar [[s.EventDrivenLoaderEnabled:1]]
[2019.02.12-22.25.54:063][  0]LogConfig: Setting CVar [[s.WarnIfTimeLimitExceeded:0]]
[2019.02.12-22.25.54:063][  0]LogConfig: Setting CVar [[s.TimeLimitExceededMultiplier:1.5]]
[2019.02.12-22.25.54:063][  0]LogConfig: Setting CVar [[s.TimeLimitExceededMinTime:0.005]]
[2019.02.12-22.25.54:063][  0]LogConfig: Setting CVar [[s.UseBackgroundLevelStreaming:1]]
[2019.02.12-22.25.54:063][  0]LogConfig: Setting CVar [[s.PriorityAsyncLoadingExtraTime:15.0]]
[2019.02.12-22.25.54:063][  0]LogConfig: Setting CVar [[s.LevelStreamingActorsUpdateTimeLimit:5.0]]
[2019.02.12-22.25.54:063][  0]LogConfig: Setting CVar [[s.PriorityLevelStreamingActorsUpdateExtraTime:5.0]]
[2019.02.12-22.25.54:063][  0]LogConfig: Setting CVar [[s.LevelStreamingComponentsRegistrationGranularity:10]]
[2019.02.12-22.25.54:063][  0]LogConfig: Setting CVar [[s.UnregisterComponentsTimeLimit:1.0]]
[2019.02.12-22.25.54:063][  0]LogConfig: Setting CVar [[s.LevelStreamingComponentsUnregistrationGranularity:5]]
[2019.02.12-22.25.54:063][  0]LogConfig: Applying CVar settings from Section [/Script/Engine.GarbageCollectionSettings] File [C:/Users/gosus/Documents/CP-School/SeniorProject/gitRepos/Senior-Project-Game/HSP_Game/Saved/Config/Windows/Engine.ini]
[2019.02.12-22.25.54:063][  0]LogConfig: Setting CVar [[gc.MaxObjectsNotConsideredByGC:1]]
[2019.02.12-22.25.54:063][  0]LogConfig: Setting CVar [[gc.SizeOfPermanentObjectPool:0]]
[2019.02.12-22.25.54:063][  0]LogConfig: Setting CVar [[gc.FlushStreamingOnGC:0]]
[2019.02.12-22.25.54:063][  0]LogConfig: Setting CVar [[gc.NumRetriesBeforeForcingGC:10]]
[2019.02.12-22.25.54:063][  0]LogConfig: Setting CVar [[gc.AllowParallelGC:1]]
[2019.02.12-22.25.54:063][  0]LogConfig: Setting CVar [[gc.TimeBetweenPurgingPendingKillObjects:61.1]]
[2019.02.12-22.25.54:063][  0]LogConfig: Setting CVar [[gc.MaxObjectsInEditor:8388607]]
[2019.02.12-22.25.54:063][  0]LogConfig: Setting CVar [[gc.IncrementalBeginDestroyEnabled:1]]
[2019.02.12-22.25.54:063][  0]LogConfig: Setting CVar [[gc.CreateGCClusters:1]]
[2019.02.12-22.25.54:063][  0]LogConfig: Setting CVar [[gc.MergeGCClusters:0]]
[2019.02.12-22.25.54:064][  0]LogConfig: Setting CVar [[gc.MinGCClusterSize:5]]
[2019.02.12-22.25.54:064][  0]LogConfig: Setting CVar [[gc.ActorClusteringEnabled:0]]
[2019.02.12-22.25.54:064][  0]LogConfig: Setting CVar [[gc.BlueprintClusteringEnabled:0]]
[2019.02.12-22.25.54:064][  0]LogConfig: Setting CVar [[gc.UseDisregardForGCOnDedicatedServers:0]]
[2019.02.12-22.25.54:064][  0]LogConfig: Applying CVar settings from Section [/Script/Engine.NetworkSettings] File [C:/Users/gosus/Documents/CP-School/SeniorProject/gitRepos/Senior-Project-Game/HSP_Game/Saved/Config/Windows/Engine.ini]
[2019.02.12-22.25.54:064][  0]LogConfig: Applying CVar settings from Section [/Script/UnrealEd.CookerSettings] File [C:/Users/gosus/Documents/CP-School/SeniorProject/gitRepos/Senior-Project-Game/HSP_Game/Saved/Config/Windows/Engine.ini]
[2019.02.12-22.25.54:087][  0]LogConfig: Applying CVar settings from Section [ViewDistanceQuality@3] File [C:/Users/gosus/Documents/CP-School/SeniorProject/gitRepos/Senior-Project-Game/HSP_Game/Saved/Config/Windows/Scalability.ini]
[2019.02.12-22.25.54:087][  0]LogConfig: Setting CVar [[r.SkeletalMeshLODBias:0]]
[2019.02.12-22.25.54:087][  0]LogConfig: Setting CVar [[r.ViewDistanceScale:1.0]]
[2019.02.12-22.25.54:087][  0]LogConfig: Applying CVar settings from Section [AntiAliasingQuality@3] File [C:/Users/gosus/Documents/CP-School/SeniorProject/gitRepos/Senior-Project-Game/HSP_Game/Saved/Config/Windows/Scalability.ini]
[2019.02.12-22.25.54:087][  0]LogConfig: Setting CVar [[r.PostProcessAAQuality:4]]
[2019.02.12-22.25.54:088][  0]LogConfig: Applying CVar settings from Section [ShadowQuality@3] File [C:/Users/gosus/Documents/CP-School/SeniorProject/gitRepos/Senior-Project-Game/HSP_Game/Saved/Config/Windows/Scalability.ini]
[2019.02.12-22.25.54:088][  0]LogConfig: Setting CVar [[r.LightFunctionQuality:1]]
[2019.02.12-22.25.54:088][  0]LogConfig: Setting CVar [[r.ShadowQuality:5]]
[2019.02.12-22.25.54:089][  0]LogConfig: Setting CVar [[r.Shadow.CSM.MaxCascades:10]]
[2019.02.12-22.25.54:089][  0]LogConfig: Setting CVar [[r.Shadow.MaxResolution:2048]]
[2019.02.12-22.25.54:089][  0]LogConfig: Setting CVar [[r.Shadow.MaxCSMResolution:2048]]
[2019.02.12-22.25.54:089][  0]LogConfig: Setting CVar [[r.Shadow.RadiusThreshold:0.01]]
[2019.02.12-22.25.54:089][  0]LogConfig: Setting CVar [[r.Shadow.DistanceScale:1.0]]
[2019.02.12-22.25.54:089][  0]LogConfig: Setting CVar [[r.Shadow.CSM.TransitionScale:1.0]]
[2019.02.12-22.25.54:089][  0]LogConfig: Setting CVar [[r.Shadow.PreShadowResolutionFactor:1.0]]
[2019.02.12-22.25.54:089][  0]LogConfig: Setting CVar [[r.DistanceFieldShadowing:1]]
[2019.02.12-22.25.54:089][  0]LogConfig: Setting CVar [[r.DistanceFieldAO:1]]
[2019.02.12-22.25.54:089][  0]LogConfig: Setting CVar [[r.AOQuality:2]]
[2019.02.12-22.25.54:089][  0]LogConfig: Setting CVar [[r.VolumetricFog:1]]
[2019.02.12-22.25.54:089][  0]LogConfig: Setting CVar [[r.VolumetricFog.GridPixelSize:8]]
[2019.02.12-22.25.54:089][  0]LogConfig: Setting CVar [[r.VolumetricFog.GridSizeZ:128]]
[2019.02.12-22.25.54:089][  0]LogConfig: Setting CVar [[r.VolumetricFog.HistoryMissSupersampleCount:4]]
[2019.02.12-22.25.54:089][  0]LogConfig: Setting CVar [[r.LightMaxDrawDistanceScale:1]]
[2019.02.12-22.25.54:090][  0]LogConfig: Setting CVar [[r.CapsuleShadows:1]]
[2019.02.12-22.25.54:090][  0]LogConfig: Applying CVar settings from Section [PostProcessQuality@3] File [C:/Users/gosus/Documents/CP-School/SeniorProject/gitRepos/Senior-Project-Game/HSP_Game/Saved/Config/Windows/Scalability.ini]
[2019.02.12-22.25.54:090][  0]LogConfig: Setting CVar [[r.MotionBlurQuality:4]]
[2019.02.12-22.25.54:090][  0]LogConfig: Setting CVar [[r.AmbientOcclusionMipLevelFactor:0.4]]
[2019.02.12-22.25.54:090][  0]LogConfig: Setting CVar [[r.AmbientOcclusionMaxQuality:100]]
[2019.02.12-22.25.54:090][  0]LogConfig: Setting CVar [[r.AmbientOcclusionLevels:-1]]
[2019.02.12-22.25.54:090][  0]LogConfig: Setting CVar [[r.AmbientOcclusionRadiusScale:1.0]]
[2019.02.12-22.25.54:090][  0]LogConfig: Setting CVar [[r.DepthOfFieldQuality:2]]
[2019.02.12-22.25.54:090][  0]LogConfig: Setting CVar [[r.RenderTargetPoolMin:400]]
[2019.02.12-22.25.54:090][  0]LogConfig: Setting CVar [[r.LensFlareQuality:2]]
[2019.02.12-22.25.54:090][  0]LogConfig: Setting CVar [[r.SceneColorFringeQuality:1]]
[2019.02.12-22.25.54:090][  0]LogConfig: Setting CVar [[r.EyeAdaptationQuality:2]]
[2019.02.12-22.25.54:090][  0]LogConfig: Setting CVar [[r.BloomQuality:5]]
[2019.02.12-22.25.54:090][  0]LogConfig: Setting CVar [[r.FastBlurThreshold:100]]
[2019.02.12-22.25.54:090][  0]LogConfig: Setting CVar [[r.Upscale.Quality:3]]
[2019.02.12-22.25.54:090][  0]LogConfig: Setting CVar [[r.Tonemapper.GrainQuantization:1]]
[2019.02.12-22.25.54:090][  0]LogConfig: Setting CVar [[r.LightShaftQuality:1]]
[2019.02.12-22.25.54:090][  0]LogConfig: Setting CVar [[r.Filter.SizeScale:1]]
[2019.02.12-22.25.54:090][  0]LogConfig: Setting CVar [[r.Tonemapper.Quality:5]]
[2019.02.12-22.25.54:090][  0]LogConfig: Setting CVar [[r.DOF.Gather.AccumulatorQuality:1        ; higher gathering accumulator quality]]
[2019.02.12-22.25.54:090][  0]LogConfig: Setting CVar [[r.DOF.Gather.PostfilterMethod:1          ; Median3x3 postfilering method]]
[2019.02.12-22.25.54:090][  0]LogConfig: Setting CVar [[r.DOF.Gather.EnableBokehSettings:0       ; no bokeh simulation when gathering]]
[2019.02.12-22.25.54:090][  0]LogConfig: Setting CVar [[r.DOF.Gather.RingCount:4                 ; medium number of samples when gathering]]
[2019.02.12-22.25.54:090][  0]LogConfig: Setting CVar [[r.DOF.Scatter.ForegroundCompositing:1    ; additive foreground scattering]]
[2019.02.12-22.25.54:090][  0]LogConfig: Setting CVar [[r.DOF.Scatter.BackgroundCompositing:2    ; additive background scattering]]
[2019.02.12-22.25.54:091][  0]LogConfig: Setting CVar [[r.DOF.Scatter.EnableBokehSettings:1      ; bokeh simulation when scattering]]
[2019.02.12-22.25.54:091][  0]LogConfig: Setting CVar [[r.DOF.Scatter.MaxSpriteRatio:0.1         ; only a maximum of 10% of scattered bokeh]]
[2019.02.12-22.25.54:091][  0]LogConfig: Setting CVar [[r.DOF.Recombine.Quality:1                ; cheap slight out of focus]]
[2019.02.12-22.25.54:091][  0]LogConfig: Setting CVar [[r.DOF.Recombine.EnableBokehSettings:0    ; no bokeh simulation on slight out of focus]]
[2019.02.12-22.25.54:091][  0]LogConfig: Setting CVar [[r.DOF.TemporalAAQuality:1                ; more stable temporal accumulation]]
[2019.02.12-22.25.54:091][  0]LogConfig: Setting CVar [[r.DOF.Kernel.MaxForegroundRadius:0.025]]
[2019.02.12-22.25.54:091][  0]LogConfig: Setting CVar [[r.DOF.Kernel.MaxBackgroundRadius:0.025]]
[2019.02.12-22.25.54:091][  0]LogConfig: Applying CVar settings from Section [TextureQuality@3] File [C:/Users/gosus/Documents/CP-School/SeniorProject/gitRepos/Senior-Project-Game/HSP_Game/Saved/Config/Windows/Scalability.ini]
[2019.02.12-22.25.54:091][  0]LogConfig: Setting CVar [[r.Streaming.MipBias:0]]
[2019.02.12-22.25.54:091][  0]LogConfig: Setting CVar [[r.Streaming.AmortizeCPUToGPUCopy:0]]
[2019.02.12-22.25.54:091][  0]LogConfig: Setting CVar [[r.Streaming.MaxNumTexturesToStreamPerFrame:0]]
[2019.02.12-22.25.54:091][  0]LogConfig: Setting CVar [[r.Streaming.Boost:1]]
[2019.02.12-22.25.54:091][  0]LogConfig: Setting CVar [[r.MaxAnisotropy:8]]
[2019.02.12-22.25.54:091][  0]LogConfig: Setting CVar [[r.Streaming.LimitPoolSizeToVRAM:0]]
[2019.02.12-22.25.54:091][  0]LogConfig: Setting CVar [[r.Streaming.PoolSize:1000]]
[2019.02.12-22.25.54:091][  0]LogConfig: Setting CVar [[r.Streaming.MaxEffectiveScreenSize:0]]
[2019.02.12-22.25.54:091][  0]LogConfig: Applying CVar settings from Section [EffectsQuality@3] File [C:/Users/gosus/Documents/CP-School/SeniorProject/gitRepos/Senior-Project-Game/HSP_Game/Saved/Config/Windows/Scalability.ini]
[2019.02.12-22.25.54:091][  0]LogConfig: Setting CVar [[r.TranslucencyLightingVolumeDim:64]]
[2019.02.12-22.25.54:091][  0]LogConfig: Setting CVar [[r.RefractionQuality:2]]
[2019.02.12-22.25.54:091][  0]LogConfig: Setting CVar [[r.SSR.Quality:3]]
[2019.02.12-22.25.54:091][  0]LogConfig: Setting CVar [[r.SceneColorFormat:4]]
[2019.02.12-22.25.54:091][  0]LogConfig: Setting CVar [[r.DetailMode:2]]
[2019.02.12-22.25.54:091][  0]LogConfig: Setting CVar [[r.TranslucencyVolumeBlur:1]]
[2019.02.12-22.25.54:091][  0]LogConfig: Setting CVar [[r.MaterialQualityLevel:1 ; High quality]]
[2019.02.12-22.25.54:091][  0]LogConfig: Setting CVar [[r.SSS.Scale:1]]
[2019.02.12-22.25.54:092][  0]LogConfig: Setting CVar [[r.SSS.SampleSet:2]]
[2019.02.12-22.25.54:092][  0]LogConfig: Setting CVar [[r.SSS.Quality:1]]
[2019.02.12-22.25.54:092][  0]LogConfig: Setting CVar [[r.SSS.HalfRes:1]]
[2019.02.12-22.25.54:092][  0]LogConfig: Setting CVar [[r.EmitterSpawnRateScale:1.0]]
[2019.02.12-22.25.54:092][  0]LogConfig: Setting CVar [[r.ParticleLightQuality:2]]
[2019.02.12-22.25.54:092][  0]LogConfig: Applying CVar settings from Section [FoliageQuality@3] File [C:/Users/gosus/Documents/CP-School/SeniorProject/gitRepos/Senior-Project-Game/HSP_Game/Saved/Config/Windows/Scalability.ini]
[2019.02.12-22.25.54:092][  0]LogConfig: Setting CVar [[foliage.DensityScale:1.0]]
[2019.02.12-22.25.54:092][  0]LogConfig: Setting CVar [[grass.DensityScale:1.0]]
[2019.02.12-22.25.54:092][  0]LogInit: Selected Device Profile: [Windows]
[2019.02.12-22.25.54:092][  0]LogInit: Applying CVar settings loaded from the selected device profile: [Windows]
[2019.02.12-22.25.54:109][  0]LogHAL: Display: Platform has ~ 32 GB [34313105408 / 34359738368 / 32], which maps to Largest [LargestMinGB=32, LargerMinGB=12, DefaultMinGB=8, SmallerMinGB=6, SmallestMinGB=0)
[2019.02.12-22.25.54:109][  0]LogConfig: Setting CVar [[r.Vulkan.UseRealUBs:1]]
[2019.02.12-22.25.54:109][  0]LogInit: Going up to parent DeviceProfile []
[2019.02.12-22.25.54:109][  0]LogConfig: Applying CVar settings from Section [ViewDistanceQuality@3] File [C:/Users/gosus/Documents/CP-School/SeniorProject/gitRepos/Senior-Project-Game/HSP_Game/Saved/Config/Windows/Scalability.ini]
[2019.02.12-22.25.54:109][  0]LogConfig: Setting CVar [[r.SkeletalMeshLODBias:0]]
[2019.02.12-22.25.54:109][  0]LogConfig: Setting CVar [[r.ViewDistanceScale:1.0]]
[2019.02.12-22.25.54:109][  0]LogConfig: Applying CVar settings from Section [AntiAliasingQuality@3] File [C:/Users/gosus/Documents/CP-School/SeniorProject/gitRepos/Senior-Project-Game/HSP_Game/Saved/Config/Windows/Scalability.ini]
[2019.02.12-22.25.54:109][  0]LogConfig: Setting CVar [[r.PostProcessAAQuality:4]]
[2019.02.12-22.25.54:109][  0]LogConfig: Applying CVar settings from Section [ShadowQuality@3] File [C:/Users/gosus/Documents/CP-School/SeniorProject/gitRepos/Senior-Project-Game/HSP_Game/Saved/Config/Windows/Scalability.ini]
[2019.02.12-22.25.54:109][  0]LogConfig: Setting CVar [[r.LightFunctionQuality:1]]
[2019.02.12-22.25.54:109][  0]LogConfig: Setting CVar [[r.ShadowQuality:5]]
[2019.02.12-22.25.54:109][  0]LogConfig: Setting CVar [[r.Shadow.CSM.MaxCascades:10]]
[2019.02.12-22.25.54:109][  0]LogConfig: Setting CVar [[r.Shadow.MaxResolution:2048]]
[2019.02.12-22.25.54:110][  0]LogConfig: Setting CVar [[r.Shadow.MaxCSMResolution:2048]]
[2019.02.12-22.25.54:110][  0]LogConfig: Setting CVar [[r.Shadow.RadiusThreshold:0.01]]
[2019.02.12-22.25.54:110][  0]LogConfig: Setting CVar [[r.Shadow.DistanceScale:1.0]]
[2019.02.12-22.25.54:110][  0]LogConfig: Setting CVar [[r.Shadow.CSM.TransitionScale:1.0]]
[2019.02.12-22.25.54:110][  0]LogConfig: Setting CVar [[r.Shadow.PreShadowResolutionFactor:1.0]]
[2019.02.12-22.25.54:110][  0]LogConfig: Setting CVar [[r.DistanceFieldShadowing:1]]
[2019.02.12-22.25.54:110][  0]LogConfig: Setting CVar [[r.DistanceFieldAO:1]]
[2019.02.12-22.25.54:110][  0]LogConfig: Setting CVar [[r.AOQuality:2]]
[2019.02.12-22.25.54:110][  0]LogConfig: Setting CVar [[r.VolumetricFog:1]]
[2019.02.12-22.25.54:110][  0]LogConfig: Setting CVar [[r.VolumetricFog.GridPixelSize:8]]
[2019.02.12-22.25.54:110][  0]LogConfig: Setting CVar [[r.VolumetricFog.GridSizeZ:128]]
[2019.02.12-22.25.54:110][  0]LogConfig: Setting CVar [[r.VolumetricFog.HistoryMissSupersampleCount:4]]
[2019.02.12-22.25.54:110][  0]LogConfig: Setting CVar [[r.LightMaxDrawDistanceScale:1]]
[2019.02.12-22.25.54:110][  0]LogConfig: Setting CVar [[r.CapsuleShadows:1]]
[2019.02.12-22.25.54:110][  0]LogConfig: Applying CVar settings from Section [PostProcessQuality@3] File [C:/Users/gosus/Documents/CP-School/SeniorProject/gitRepos/Senior-Project-Game/HSP_Game/Saved/Config/Windows/Scalability.ini]
[2019.02.12-22.25.54:110][  0]LogConfig: Setting CVar [[r.MotionBlurQuality:4]]
[2019.02.12-22.25.54:110][  0]LogConfig: Setting CVar [[r.AmbientOcclusionMipLevelFactor:0.4]]
[2019.02.12-22.25.54:110][  0]LogConfig: Setting CVar [[r.AmbientOcclusionMaxQuality:100]]
[2019.02.12-22.25.54:110][  0]LogConfig: Setting CVar [[r.AmbientOcclusionLevels:-1]]
[2019.02.12-22.25.54:111][  0]LogConfig: Setting CVar [[r.AmbientOcclusionRadiusScale:1.0]]
[2019.02.12-22.25.54:111][  0]LogConfig: Setting CVar [[r.DepthOfFieldQuality:2]]
[2019.02.12-22.25.54:111][  0]LogConfig: Setting CVar [[r.RenderTargetPoolMin:400]]
[2019.02.12-22.25.54:111][  0]LogConfig: Setting CVar [[r.LensFlareQuality:2]]
[2019.02.12-22.25.54:111][  0]LogConfig: Setting CVar [[r.SceneColorFringeQuality:1]]
[2019.02.12-22.25.54:111][  0]LogConfig: Setting CVar [[r.EyeAdaptationQuality:2]]
[2019.02.12-22.25.54:111][  0]LogConfig: Setting CVar [[r.BloomQuality:5]]
[2019.02.12-22.25.54:111][  0]LogConfig: Setting CVar [[r.FastBlurThreshold:100]]
[2019.02.12-22.25.54:111][  0]LogConfig: Setting CVar [[r.Upscale.Quality:3]]
[2019.02.12-22.25.54:111][  0]LogConfig: Setting CVar [[r.Tonemapper.GrainQuantization:1]]
[2019.02.12-22.25.54:111][  0]LogConfig: Setting CVar [[r.LightShaftQuality:1]]
[2019.02.12-22.25.54:111][  0]LogConfig: Setting CVar [[r.Filter.SizeScale:1]]
[2019.02.12-22.25.54:111][  0]LogConfig: Setting CVar [[r.Tonemapper.Quality:5]]
[2019.02.12-22.25.54:111][  0]LogConfig: Setting CVar [[r.DOF.Gather.AccumulatorQuality:1        ; higher gathering accumulator quality]]
[2019.02.12-22.25.54:111][  0]LogConfig: Setting CVar [[r.DOF.Gather.PostfilterMethod:1          ; Median3x3 postfilering method]]
[2019.02.12-22.25.54:111][  0]LogConfig: Setting CVar [[r.DOF.Gather.EnableBokehSettings:0       ; no bokeh simulation when gathering]]
[2019.02.12-22.25.54:111][  0]LogConfig: Setting CVar [[r.DOF.Gather.RingCount:4                 ; medium number of samples when gathering]]
[2019.02.12-22.25.54:111][  0]LogConfig: Setting CVar [[r.DOF.Scatter.ForegroundCompositing:1    ; additive foreground scattering]]
[2019.02.12-22.25.54:111][  0]LogConfig: Setting CVar [[r.DOF.Scatter.BackgroundCompositing:2    ; additive background scattering]]
[2019.02.12-22.25.54:111][  0]LogConfig: Setting CVar [[r.DOF.Scatter.EnableBokehSettings:1      ; bokeh simulation when scattering]]
[2019.02.12-22.25.54:111][  0]LogConfig: Setting CVar [[r.DOF.Scatter.MaxSpriteRatio:0.1         ; only a maximum of 10% of scattered bokeh]]
[2019.02.12-22.25.54:111][  0]LogConfig: Setting CVar [[r.DOF.Recombine.Quality:1                ; cheap slight out of focus]]
[2019.02.12-22.25.54:111][  0]LogConfig: Setting CVar [[r.DOF.Recombine.EnableBokehSettings:0    ; no bokeh simulation on slight out of focus]]
[2019.02.12-22.25.54:111][  0]LogConfig: Setting CVar [[r.DOF.TemporalAAQuality:1                ; more stable temporal accumulation]]
[2019.02.12-22.25.54:112][  0]LogConfig: Setting CVar [[r.DOF.Kernel.MaxForegroundRadius:0.025]]
[2019.02.12-22.25.54:112][  0]LogConfig: Setting CVar [[r.DOF.Kernel.MaxBackgroundRadius:0.025]]
[2019.02.12-22.25.54:112][  0]LogConfig: Applying CVar settings from Section [TextureQuality@3] File [C:/Users/gosus/Documents/CP-School/SeniorProject/gitRepos/Senior-Project-Game/HSP_Game/Saved/Config/Windows/Scalability.ini]
[2019.02.12-22.25.54:112][  0]LogConfig: Setting CVar [[r.Streaming.MipBias:0]]
[2019.02.12-22.25.54:112][  0]LogConfig: Setting CVar [[r.Streaming.AmortizeCPUToGPUCopy:0]]
[2019.02.12-22.25.54:112][  0]LogConfig: Setting CVar [[r.Streaming.MaxNumTexturesToStreamPerFrame:0]]
[2019.02.12-22.25.54:112][  0]LogConfig: Setting CVar [[r.Streaming.Boost:1]]
[2019.02.12-22.25.54:112][  0]LogConfig: Setting CVar [[r.MaxAnisotropy:8]]
[2019.02.12-22.25.54:112][  0]LogConfig: Setting CVar [[r.Streaming.LimitPoolSizeToVRAM:0]]
[2019.02.12-22.25.54:112][  0]LogConfig: Setting CVar [[r.Streaming.PoolSize:1000]]
[2019.02.12-22.25.54:112][  0]LogConfig: Setting CVar [[r.Streaming.MaxEffectiveScreenSize:0]]
[2019.02.12-22.25.54:112][  0]LogConfig: Applying CVar settings from Section [EffectsQuality@3] File [C:/Users/gosus/Documents/CP-School/SeniorProject/gitRepos/Senior-Project-Game/HSP_Game/Saved/Config/Windows/Scalability.ini]
[2019.02.12-22.25.54:112][  0]LogConfig: Setting CVar [[r.TranslucencyLightingVolumeDim:64]]
[2019.02.12-22.25.54:112][  0]LogConfig: Setting CVar [[r.RefractionQuality:2]]
[2019.02.12-22.25.54:112][  0]LogConfig: Setting CVar [[r.SSR.Quality:3]]
[2019.02.12-22.25.54:112][  0]LogConfig: Setting CVar [[r.SceneColorFormat:4]]
[2019.02.12-22.25.54:112][  0]LogConfig: Setting CVar [[r.DetailMode:2]]
[2019.02.12-22.25.54:112][  0]LogConfig: Setting CVar [[r.TranslucencyVolumeBlur:1]]
[2019.02.12-22.25.54:112][  0]LogConfig: Setting CVar [[r.MaterialQualityLevel:1 ; High quality]]
[2019.02.12-22.25.54:112][  0]LogConfig: Setting CVar [[r.SSS.Scale:1]]
[2019.02.12-22.25.54:112][  0]LogConfig: Setting CVar [[r.SSS.SampleSet:2]]
[2019.02.12-22.25.54:112][  0]LogConfig: Setting CVar [[r.SSS.Quality:1]]
[2019.02.12-22.25.54:113][  0]LogConfig: Setting CVar [[r.SSS.HalfRes:1]]
[2019.02.12-22.25.54:113][  0]LogConfig: Setting CVar [[r.EmitterSpawnRateScale:1.0]]
[2019.02.12-22.25.54:113][  0]LogConfig: Setting CVar [[r.ParticleLightQuality:2]]
[2019.02.12-22.25.54:113][  0]LogConfig: Applying CVar settings from Section [FoliageQuality@3] File [C:/Users/gosus/Documents/CP-School/SeniorProject/gitRepos/Senior-Project-Game/HSP_Game/Saved/Config/Windows/Scalability.ini]
[2019.02.12-22.25.54:113][  0]LogConfig: Setting CVar [[foliage.DensityScale:1.0]]
[2019.02.12-22.25.54:113][  0]LogConfig: Setting CVar [[grass.DensityScale:1.0]]
[2019.02.12-22.25.54:113][  0]LogConfig: Applying CVar settings from Section [Startup] File [../../../Engine/Config/ConsoleVariables.ini]
[2019.02.12-22.25.54:113][  0]LogConfig: Setting CVar [[net.UseAdaptiveNetUpdateFrequency:0]]
[2019.02.12-22.25.54:113][  0]LogConfig: Applying CVar settings from Section [ConsoleVariables] File [C:/Users/gosus/Documents/CP-School/SeniorProject/gitRepos/Senior-Project-Game/HSP_Game/Saved/Config/Windows/Engine.ini]
[2019.02.12-22.25.54:113][  0]LogInit: Computer: UNIT-01
[2019.02.12-22.25.54:113][  0]LogInit: User: gosus
[2019.02.12-22.25.54:113][  0]LogInit: CPU Page size=4096, Cores=4
[2019.02.12-22.25.54:113][  0]LogInit: High frequency timer resolution =10.000000 MHz
[2019.02.12-22.25.54:114][  0]LogMemory: Memory total: Physical=32.0GB (32GB approx)
[2019.02.12-22.25.54:114][  0]LogMemory: Platform Memory Stats for Windows
[2019.02.12-22.25.54:119][  0]LogMemory: Process Physical Memory: 102.42 MB used, 102.43 MB peak
[2019.02.12-22.25.54:119][  0]LogMemory: Process Virtual Memory: 91.94 MB used, 91.94 MB peak
[2019.02.12-22.25.54:119][  0]LogMemory: Physical Memory: 10777.99 MB used,  21945.54 MB free, 32723.53 MB total
[2019.02.12-22.25.54:119][  0]LogMemory: Virtual Memory: 4649.98 MB used,  134213080.00 MB free, 134217728.00 MB total
[2019.02.12-22.25.54:302][  0]LogInit: Using OS detected language (en-US).
[2019.02.12-22.25.54:302][  0]LogInit: Using OS detected locale (en-US).
[2019.02.12-22.25.54:302][  0]LogTextLocalizationManager: No specific localization for 'en-US' exists, so the 'en' localization will be used.
[2019.02.12-22.25.54:723][  0]LogStreaming: Display: Took  0.422s to InitEngineTextLocalization.
[2019.02.12-22.25.54:723][  0]LogInit: Setting process to per monitor DPI aware
[2019.02.12-22.25.54:798][  0]LogSlate: New Slate User Created.  User Index 0, Is Virtual User: 0
[2019.02.12-22.25.54:798][  0]LogSlate: Slate User Registered.  User Index 0, Is Virtual User: 0
[2019.02.12-22.25.54:994][  0]LogHMD: Failed to initialize OpenVR with code 110
[2019.02.12-22.25.54:994][  0]LogD3D11RHI: D3D11 adapters:
[2019.02.12-22.25.55:092][  0]LogD3D11RHI:    0. 'NVIDIA GeForce RTX 2080' (Feature Level 11_0)
[2019.02.12-22.25.55:092][  0]LogD3D11RHI:       8010/0/16361 MB DedicatedVideo/DedicatedSystem/SharedSystem, Outputs:2, VendorId:0x10de
[2019.02.12-22.25.55:098][  0]LogD3D11RHI:    1. 'Microsoft Basic Render Driver' (Feature Level 11_0)
[2019.02.12-22.25.55:098][  0]LogD3D11RHI:       0/0/16361 MB DedicatedVideo/DedicatedSystem/SharedSystem, Outputs:0, VendorId:0x1414
[2019.02.12-22.25.55:098][  0]LogD3D11RHI: Chosen D3D11 Adapter: 0
[2019.02.12-22.25.55:108][  0]LogD3D11RHI: Creating new Direct3DDevice
[2019.02.12-22.25.55:108][  0]LogD3D11RHI:     GPU DeviceId: 0x1e87 (for the marketing name, search the web for "GPU Device Id")
[2019.02.12-22.25.55:108][  0]LogWindows: EnumDisplayDevices:
[2019.02.12-22.25.55:108][  0]LogWindows:    0. 'NVIDIA GeForce RTX 2080' (P:1 D:1)
[2019.02.12-22.25.55:108][  0]LogWindows:    1. 'NVIDIA GeForce RTX 2080' (P:0 D:1)
[2019.02.12-22.25.55:109][  0]LogWindows:    2. 'NVIDIA GeForce RTX 2080' (P:0 D:0)
[2019.02.12-22.25.55:109][  0]LogWindows:    3. 'NVIDIA GeForce RTX 2080' (P:0 D:0)
[2019.02.12-22.25.55:109][  0]LogWindows: DebugString: FoundDriverCount:4 
[2019.02.12-22.25.55:109][  0]LogD3D11RHI:     Adapter Name: NVIDIA GeForce RTX 2080
[2019.02.12-22.25.55:109][  0]LogD3D11RHI:   Driver Version: 417.71 (internal:25.21.14.1771, unified:417.71)
[2019.02.12-22.25.55:109][  0]LogD3D11RHI:      Driver Date: 1-11-2019
[2019.02.12-22.25.55:109][  0]LogRHI: Texture pool is 5607 MB (70% of 8010 MB)
[2019.02.12-22.25.55:163][  0]LogD3D11RHI: Async texture creation enabled
[2019.02.12-22.25.55:200][  0]LogD3D11RHI: GPU Timing Frequency: 1000.000000 (Debug: 2 2)
[2019.02.12-22.25.55:662][  0]LogTemp: Display: Loaded TP AllDesktopTargetPlatform
[2019.02.12-22.25.55:681][  0]LogTemp: Display: Loaded TP MacClientTargetPlatform
[2019.02.12-22.25.55:702][  0]LogTemp: Display: Loaded TP MacNoEditorTargetPlatform
[2019.02.12-22.25.55:722][  0]LogTemp: Display: Loaded TP MacServerTargetPlatform
[2019.02.12-22.25.55:743][  0]LogTemp: Display: Loaded TP MacTargetPlatform
[2019.02.12-22.25.55:762][  0]LogTemp: Display: Loaded TP WindowsClientTargetPlatform
[2019.02.12-22.25.55:780][  0]LogTemp: Display: Loaded TP WindowsNoEditorTargetPlatform
[2019.02.12-22.25.55:797][  0]LogTemp: Display: Loaded TP WindowsServerTargetPlatform
[2019.02.12-22.25.55:808][  0]LogTemp: Display: Loaded TP WindowsTargetPlatform
[2019.02.12-22.25.55:895][  0]LogTemp: Display: Loaded TP AndroidTargetPlatform
[2019.02.12-22.25.55:895][  0]LogTemp: Display: Loaded TP AndroidTargetPlatform
[2019.02.12-22.25.55:895][  0]LogTemp: Display: Loaded TP AndroidTargetPlatform
[2019.02.12-22.25.55:895][  0]LogTemp: Display: Loaded TP AndroidTargetPlatform
[2019.02.12-22.25.55:895][  0]LogTemp: Display: Loaded TP AndroidTargetPlatform
[2019.02.12-22.25.55:895][  0]LogTemp: Display: Loaded TP AndroidTargetPlatform
[2019.02.12-22.25.55:895][  0]LogTemp: Display: Loaded TP AndroidTargetPlatform
[2019.02.12-22.25.55:895][  0]LogTemp: Display: Loaded TP AndroidTargetPlatform
[2019.02.12-22.25.55:895][  0]LogTemp: Display: Loaded TP AndroidTargetPlatform
[2019.02.12-22.25.55:895][  0]LogTemp: Display: Loaded TP AndroidTargetPlatform
[2019.02.12-22.25.55:895][  0]LogTemp: Display: Loaded TP AndroidTargetPlatform
[2019.02.12-22.25.55:896][  0]LogTemp: Display: Loaded TP AndroidTargetPlatform
[2019.02.12-22.25.55:896][  0]LogTemp: Display: Loaded TP AndroidTargetPlatform
[2019.02.12-22.25.55:896][  0]LogTemp: Display: Loaded TP AndroidTargetPlatform
[2019.02.12-22.25.55:896][  0]LogTemp: Display: Loaded TP AndroidTargetPlatform
[2019.02.12-22.25.55:896][  0]LogTemp: Display: Loaded TP AndroidTargetPlatform
[2019.02.12-22.25.55:896][  0]LogTemp: Display: Loaded TP AndroidTargetPlatform
[2019.02.12-22.25.55:896][  0]LogTemp: Display: Loaded TP AndroidTargetPlatform
[2019.02.12-22.25.55:900][  0]LogTemp: Display: Loaded TP HTML5TargetPlatform
[2019.02.12-22.25.55:971][  0]LogTemp: Display: Loaded TP IOSTargetPlatform
[2019.02.12-22.25.55:971][  0]LogTemp: Display: Loaded TP IOSTargetPlatform
[2019.02.12-22.25.55:997][  0]LogTemp: Display: Loaded TP TVOSTargetPlatform
[2019.02.12-22.25.55:997][  0]LogTemp: Display: Loaded TP TVOSTargetPlatform
[2019.02.12-22.25.56:014][  0]LogTemp: Display: Loaded TP LinuxClientTargetPlatform
[2019.02.12-22.25.56:032][  0]LogTemp: Display: Loaded TP LinuxNoEditorTargetPlatform
[2019.02.12-22.25.56:047][  0]LogTemp: Display: Loaded TP LinuxServerTargetPlatform
[2019.02.12-22.25.56:064][  0]LogTemp: Display: Loaded TP LinuxTargetPlatform
[2019.02.12-22.25.56:117][  0]LogTemp: Display: Loaded TP LuminTargetPlatform
[2019.02.12-22.25.56:117][  0]LogTemp: Display: Loaded TP LuminTargetPlatform
[2019.02.12-22.25.56:117][  0]LogTargetPlatformManager: Display: Building Assets For Windows
[2019.02.12-22.25.56:267][  0]LogShaderCompilers: Guid format shader working directory is -41 characters bigger than the processId version (C:/Users/gosus/Documents/CP-School/SeniorProject/gitRepos/Senior-Project-Game/HSP_Game/Intermediate/Shaders/WorkingDirectory/14800/).
[2019.02.12-22.25.56:267][  0]LogShaderCompilers: Cleaned the shader compiler working directory 'C:/Users/gosus/AppData/Local/Temp/UnrealShaderWorkingDir/F9CBFFE84B5CFF426634FDAC95BE296B/'.
[2019.02.12-22.25.56:269][  0]LogXGEController: Cannot use XGE Controller as Incredibuild is not installed on this machine.
[2019.02.12-22.25.56:270][  0]LogShaderCompilers: Cannot use XGE Shader Compiler as Incredibuild is not installed on this machine.
[2019.02.12-22.25.56:270][  0]LogShaderCompilers: Display: Using Local Shader Compiler.
[2019.02.12-22.25.56:934][  0]LogDerivedDataCache: Display: Max Cache Size: 512 MB
[2019.02.12-22.25.56:991][  0]LogDerivedDataCache: Loaded boot cache 0.06s 71MB C:/Users/gosus/AppData/Local/UnrealEngine/4.21/DerivedDataCache/Boot.ddc.
[2019.02.12-22.25.56:991][  0]LogDerivedDataCache: Display: Loaded Boot cache: C:/Users/gosus/AppData/Local/UnrealEngine/4.21/DerivedDataCache/Boot.ddc
[2019.02.12-22.25.56:992][  0]LogDerivedDataCache: FDerivedDataBackendGraph:  Pak pak cache file C:/Users/gosus/Documents/CP-School/SeniorProject/gitRepos/Senior-Project-Game/HSP_Game/DerivedDataCache/DDC.ddp not found, will not use a pak cache.
[2019.02.12-22.25.56:992][  0]LogDerivedDataCache: Unable to find inner node Pak for hierarchical cache Hierarchy.
[2019.02.12-22.25.56:992][  0]LogDerivedDataCache: FDerivedDataBackendGraph:  CompressedPak pak cache file C:/Users/gosus/Documents/CP-School/SeniorProject/gitRepos/Senior-Project-Game/HSP_Game/DerivedDataCache/Compressed.ddp not found, will not use a pak cache.
[2019.02.12-22.25.56:993][  0]LogDerivedDataCache: Unable to find inner node CompressedPak for hierarchical cache Hierarchy.
[2019.02.12-22.25.57:008][  0]LogDerivedDataCache: Display: Pak cache opened for reading ../../../Engine/DerivedDataCache/Compressed.ddp.
[2019.02.12-22.25.57:008][  0]LogDerivedDataCache: FDerivedDataBackendGraph:  EnterprisePak pak cache file ../../../Enterprise/DerivedDataCache/Compressed.ddp not found, will not use a pak cache.
[2019.02.12-22.25.57:008][  0]LogDerivedDataCache: Unable to find inner node EnterprisePak for hierarchical cache Hierarchy.
[2019.02.12-22.25.57:021][  0]LogDerivedDataCache: Using Local data cache path C:/Users/gosus/AppData/Local/UnrealEngine/Common/DerivedDataCache: Writable
[2019.02.12-22.25.57:021][  0]LogDerivedDataCache: Shared data cache path not found in *engine.ini, will not use an Shared cache.
[2019.02.12-22.25.57:021][  0]LogDerivedDataCache: Unable to find inner node Shared for hierarchical cache Hierarchy.
[2019.02.12-22.25.57:052][  0]LogMaterial: Verifying Global Shaders for PCD3D_SM5
[2019.02.12-22.25.57:053][  0]LogSlate: Using FreeType 2.6.0
[2019.02.12-22.25.57:054][  0]LogSlate: SlateFontServices - WITH_FREETYPE: 1, WITH_HARFBUZZ: 1
[2019.02.12-22.25.57:151][  0]LogAssetRegistry: FAssetRegistry took 0.0430 seconds to start up
[2019.02.12-22.25.57:582][  0]LogInit: Selected Device Profile: [Windows]
[2019.02.12-22.25.57:827][  0]LogSimplygon: Simplygon DLL not present - disabling.
[2019.02.12-22.25.57:847][  0]LogMeshReduction: Using SimplygonSwarm for distributed automatic mesh merging
[2019.02.12-22.25.57:847][  0]LogMeshReduction: Using ProxyLODMeshReduction for automatic mesh merging
[2019.02.12-22.25.57:847][  0]LogMeshReduction: Using QuadricMeshReduction for automatic static mesh reduction
[2019.02.12-22.25.57:847][  0]LogMeshReduction: No automatic skeletal mesh reduction module available
[2019.02.12-22.25.57:863][  0]LogNetVersion: HSP_Game 1.0.0, NetCL: 4541578, EngineNetVer: 5, GameNetVer: 0 (Checksum: 3196377641)
[2019.02.12-22.25.58:542][  0]LogPackageLocalizationCache: Processed 11 localized package path(s) for 2 prioritized culture(s) in 0.155380 seconds
[2019.02.12-22.25.58:559][  0]LogUObjectArray: 39775 objects as part of root set at end of initial load.
[2019.02.12-22.25.58:567][  0]LogUObjectAllocator: 6914664 out of 0 bytes used by permanent object pool.
[2019.02.12-22.25.58:567][  0]LogUObjectArray: CloseDisregardForGC: 0/0 objects in disregard for GC pool
[2019.02.12-22.25.59:957][  0]LogTcpMessaging: Initializing TcpMessaging bridge
[2019.02.12-22.25.59:979][  0]LogUdpMessaging: Initializing bridge on interface 0.0.0.0:0 to multicast group 230.0.0.1:6666.
[2019.02.12-22.26.00:926][  0]SourceControl: Source control is disabled
[2019.02.12-22.26.00:927][  0]SourceControl: Source control is disabled
[2019.02.12-22.26.00:946][  0]SourceControl: Source control is disabled
[2019.02.12-22.26.00:957][  0]SourceControl: Source control is disabled
[2019.02.12-22.26.01:413][  0]LogAndroidPermission: UAndroidPermissionCallbackProxy::GetInstance
[2019.02.12-22.26.01:898][  0]LogOcInput: OculusInput pre-init called
[2019.02.12-22.26.02:116][  0]LogEngine: Initializing Engine...
[2019.02.12-22.26.02:117][  0]LogHMD: Failed to initialize OpenVR with code 110
[2019.02.12-22.26.02:120][  0]LogStats: UGameplayTagsManager::ConstructGameplayTagTree: ImportINI prefixes -  0.000 s
[2019.02.12-22.26.02:120][  0]LogStats: UGameplayTagsManager::ConstructGameplayTagTree: Construct from data asset -  0.000 s
[2019.02.12-22.26.02:121][  0]LogStats: UGameplayTagsManager::ConstructGameplayTagTree: ImportINI -  0.000 s
[2019.02.12-22.26.02:124][  0]LogStats: UGameplayTagsManager::ConstructGameplayTagTree: GameplayTagTreeChangedEvent.Broadcast -  0.000 s
[2019.02.12-22.26.02:419][  0]LogInit: Initializing FReadOnlyCVARCache
[2019.02.12-22.26.02:445][  0]LogAIModule: Creating AISystem for world Untitled
[2019.02.12-22.26.02:603][  0]LogInit: XAudio2 using 'Headphones (LE_WH-1000XM3 Stereo)' : 2 channels at 44.1 kHz using 16 bits per sample (channel mask 0x3)
[2019.02.12-22.26.02:691][  0]LogInit: FAudioDevice initialized.
[2019.02.12-22.26.02:692][  0]LogNetVersion: Set ProjectVersion to 1.0.0.0. Version Checksum will be recalculated on next use.
[2019.02.12-22.26.02:741][  0]LogDerivedDataCache: Saved boot cache 0.05s 71MB C:/Users/gosus/AppData/Local/UnrealEngine/4.21/DerivedDataCache/Boot.ddc.
[2019.02.12-22.26.02:746][  0]LogInit: Texture streaming: Enabled
[2019.02.12-22.26.02:788][  0]LogEngineSessionManager: EngineSessionManager initialized
[2019.02.12-22.26.02:814][  0]LogInit: Transaction tracking system initialized
[2019.02.12-22.26.02:875][  0]BlueprintLog: New page: Editor Load
[2019.02.12-22.26.03:125][  0]LocalizationService: Localization service is disabled
[2019.02.12-22.26.03:958][  0]LogFileCache: Scanning file cache for directory 'C:/Users/gosus/Documents/CP-School/SeniorProject/gitRepos/Senior-Project-Game/HSP_Game/Content/' took 0.04s
[2019.02.12-22.26.03:958][  0]LogCook: Display: Max memory allowance for cook 16384mb min free memory 0mb
[2019.02.12-22.26.03:958][  0]LogCook: Display: Mobile HDR setting 1
[2019.02.12-22.26.03:959][  0]LogGameplayTags: Display: UGameplayTagsManager::DoneAddingNativeTags. DelegateIsBound: 0
[2019.02.12-22.26.03:959][  0]LogStats: UGameplayTagsManager::ConstructGameplayTagTree: ImportINI prefixes -  0.000 s
[2019.02.12-22.26.03:959][  0]LogStats: UGameplayTagsManager::ConstructGameplayTagTree: Construct from data asset -  0.000 s
[2019.02.12-22.26.03:959][  0]LogStats: UGameplayTagsManager::ConstructGameplayTagTree: ImportINI -  0.000 s
[2019.02.12-22.26.03:959][  0]LogStats: UGameplayTagsManager::ConstructGameplayTagTree: GameplayTagTreeChangedEvent.Broadcast -  0.000 s
[2019.02.12-22.26.04:327][  0]SourceControl: Source control is disabled
[2019.02.12-22.26.04:327][  0]Cmd: MAP LOAD FILE="C:/Users/gosus/Documents/CP-School/SeniorProject/gitRepos/Senior-Project-Game/HSP_Game/Content/StarterContent/Maps/Minimal_Default.umap" TEMPLATE=0 SHOWPROGRESS=1 FEATURELEVEL=3
[2019.02.12-22.26.04:334][  0]LightingResults: New page: Lighting Build
[2019.02.12-22.26.04:337][  0]MapCheck: New page: Map Check
[2019.02.12-22.26.04:337][  0]LightingResults: New page: Lighting Build
[2019.02.12-22.26.04:443][  0]LogLinker: Warning: Can't find file '/Game/StarterContent/Maps/Minimal_Default_BuiltData'
[2019.02.12-22.26.04:443][  0]LogLinker: Warning: Can't find file for asset '/Game/StarterContent/Maps/Minimal_Default_BuiltData' while loading C:/Users/gosus/Documents/CP-School/SeniorProject/gitRepos/Senior-Project-Game/HSP_Game/Content/StarterContent/Maps/Minimal_Default.umap.
[2019.02.12-22.26.04:444][  0]LoadErrors: Error: /Game/StarterContent/Maps/Minimal_Default : Can't find file for asset. /Game/StarterContent/Maps/Minimal_Default_BuiltData
[2019.02.12-22.26.04:589][  0]LogLinker: Warning: Can't find file '/Game/StarterContent/Maps/Minimal_Default_BuiltData'
[2019.02.12-22.26.04:590][  0]LogLinker: Warning: Can't find file for asset '/Game/StarterContent/Maps/Minimal_Default_BuiltData' while loading C:/Users/gosus/Documents/CP-School/SeniorProject/gitRepos/Senior-Project-Game/HSP_Game/Content/StarterContent/Maps/Minimal_Default.umap.
[2019.02.12-22.26.04:590][  0]LoadErrors: Error: /Game/StarterContent/Maps/Minimal_Default : Can't find file for asset. /Game/StarterContent/Maps/Minimal_Default_BuiltData
[2019.02.12-22.26.04:686][  0]LogLinker: Warning: Can't find file '/Game/StarterContent/Maps/Minimal_Default_BuiltData'
[2019.02.12-22.26.04:686][  0]LogLinker: Warning: Can't find file for asset '/Game/StarterContent/Maps/Minimal_Default_BuiltData' while loading NULL.
[2019.02.12-22.26.04:686][  0]LogLinker: Warning: Can't find file '/Game/StarterContent/Maps/Minimal_Default_BuiltData'
[2019.02.12-22.26.04:686][  0]LogLinker: Warning: Can't find file for asset '/Game/StarterContent/Maps/Minimal_Default_BuiltData' while loading NULL.
[2019.02.12-22.26.04:697][  0]LogLinker: Warning: Can't find file '/Game/StarterContent/Maps/Minimal_Default_BuiltData'
[2019.02.12-22.26.04:697][  0]LoadErrors: Failed to load /Game/StarterContent/Maps/Minimal_Default_BuiltData.Minimal_Default_BuiltData Referenced by PersistentLevel
[2019.02.12-22.26.04:698][  0]LogLinker: Warning: Can't find file for asset '/Game/StarterContent/Maps/Minimal_Default_BuiltData' while loading NULL.
[2019.02.12-22.26.04:698][  0]LoadErrors: Failed to load /Game/StarterContent/Maps/Minimal_Default_BuiltData.Minimal_Default_BuiltData Referenced by PersistentLevel
[2019.02.12-22.26.04:884][  0]LogAIModule: Creating AISystem for world Minimal_Default
[2019.02.12-22.26.04:899][  0]LogEditorServer: Finished looking for orphan Actors (0.000 secs)
[2019.02.12-22.26.04:922][  0]Cmd: MAP CHECKDEP NOCLEARLOG
[2019.02.12-22.26.04:923][  0]MapCheck: Map check complete: 0 Error(s), 0 Warning(s), took 0.152ms to complete.
[2019.02.12-22.26.04:923][  0]LogFileHelpers: Loading map 'Minimal_Default' took 0.595
[2019.02.12-22.26.05:063][  0]LogSlate: Updating window title bar state: overlay mode, drag disabled, window buttons hidden, title bar hidden
[2019.02.12-22.26.05:072][  0]LogSlate: Updating window title bar state: overlay mode, drag disabled, window buttons hidden, title bar hidden
[2019.02.12-22.26.05:081][  0]LogSlate: Updating window title bar state: overlay mode, drag disabled, window buttons hidden, title bar hidden
[2019.02.12-22.26.05:090][  0]LogSlate: Updating window title bar state: overlay mode, drag disabled, window buttons hidden, title bar hidden
[2019.02.12-22.26.05:100][  0]LogCollectionManager: Loaded 0 collections in 0.001314 seconds
[2019.02.12-22.26.05:145][  0]LogFileCache: Scanning file cache for directory 'C:/Users/gosus/Documents/CP-School/SeniorProject/gitRepos/Senior-Project-Game/HSP_Game/Saved/Collections/' took 0.01s
[2019.02.12-22.26.05:145][  0]LogFileCache: Scanning file cache for directory 'C:/Users/gosus/Documents/CP-School/SeniorProject/gitRepos/Senior-Project-Game/HSP_Game/Content/Developers/gosus/Collections/' took 0.01s
[2019.02.12-22.26.05:145][  0]LogFileCache: Scanning file cache for directory 'C:/Users/gosus/Documents/CP-School/SeniorProject/gitRepos/Senior-Project-Game/HSP_Game/Content/Collections/' took 0.01s
[2019.02.12-22.26.05:145][  0]LogCollectionManager: Rebuilt the GUID cache for 0 collections in 0.000000 seconds
[2019.02.12-22.26.05:156][  0]LogContentBrowser: Native class hierarchy populated in 0.0103 seconds. Added 2652 classes and 622 folders.
[2019.02.12-22.26.05:161][  0]LogContentBrowser: Native class hierarchy updated for 'WidgetCarousel' in 0.0005 seconds. Added 0 classes and 0 folders.
[2019.02.12-22.26.05:163][  0]LogPakFile: Registered encryption key '00000000000000000000000000000000': 0 pak files mounted, 0 remain pending
[2019.02.12-22.26.05:163][  0]LogPakFile: Registered encryption key '00000000000000000000000000000000': 0 pak files mounted, 0 remain pending
[2019.02.12-22.26.05:164][  0]LogPakFile: Registered encryption key '00000000000000000000000000000000': 0 pak files mounted, 0 remain pending
[2019.02.12-22.26.05:164][  0]LogPakFile: Registered encryption key '00000000000000000000000000000000': 0 pak files mounted, 0 remain pending
[2019.02.12-22.26.05:165][  0]LogPakFile: Registered encryption key '00000000000000000000000000000000': 0 pak files mounted, 0 remain pending
[2019.02.12-22.26.05:165][  0]LogPakFile: Registered encryption key '00000000000000000000000000000000': 0 pak files mounted, 0 remain pending
[2019.02.12-22.26.05:166][  0]LogPakFile: Registered encryption key '00000000000000000000000000000000': 0 pak files mounted, 0 remain pending
[2019.02.12-22.26.05:166][  0]LogPakFile: Registered encryption key '00000000000000000000000000000000': 0 pak files mounted, 0 remain pending
[2019.02.12-22.26.05:167][  0]LogPakFile: Registered encryption key '00000000000000000000000000000000': 0 pak files mounted, 0 remain pending
[2019.02.12-22.26.05:168][  0]LogPakFile: Registered encryption key '00000000000000000000000000000000': 0 pak files mounted, 0 remain pending
[2019.02.12-22.26.05:168][  0]LogPakFile: Registered encryption key '00000000000000000000000000000000': 0 pak files mounted, 0 remain pending
[2019.02.12-22.26.05:169][  0]LogPakFile: Registered encryption key '00000000000000000000000000000000': 0 pak files mounted, 0 remain pending
[2019.02.12-22.26.05:169][  0]LogPakFile: Registered encryption key '00000000000000000000000000000000': 0 pak files mounted, 0 remain pending
[2019.02.12-22.26.05:170][  0]LogPakFile: Registered encryption key '00000000000000000000000000000000': 0 pak files mounted, 0 remain pending
[2019.02.12-22.26.05:170][  0]LogPakFile: Registered encryption key '00000000000000000000000000000000': 0 pak files mounted, 0 remain pending
[2019.02.12-22.26.05:171][  0]LogPakFile: Registered encryption key '00000000000000000000000000000000': 0 pak files mounted, 0 remain pending
[2019.02.12-22.26.05:171][  0]LogPakFile: Registered encryption key '00000000000000000000000000000000': 0 pak files mounted, 0 remain pending
[2019.02.12-22.26.05:172][  0]LogPakFile: Registered encryption key '00000000000000000000000000000000': 0 pak files mounted, 0 remain pending
[2019.02.12-22.26.05:173][  0]LogPakFile: Registered encryption key '00000000000000000000000000000000': 0 pak files mounted, 0 remain pending
[2019.02.12-22.26.05:173][  0]LogPakFile: Registered encryption key '00000000000000000000000000000000': 0 pak files mounted, 0 remain pending
[2019.02.12-22.26.05:174][  0]LogPakFile: Registered encryption key '00000000000000000000000000000000': 0 pak files mounted, 0 remain pending
[2019.02.12-22.26.05:174][  0]LogPakFile: Registered encryption key '00000000000000000000000000000000': 0 pak files mounted, 0 remain pending
[2019.02.12-22.26.05:175][  0]LogPakFile: Registered encryption key '00000000000000000000000000000000': 0 pak files mounted, 0 remain pending
[2019.02.12-22.26.05:175][  0]LogPakFile: Registered encryption key '00000000000000000000000000000000': 0 pak files mounted, 0 remain pending
[2019.02.12-22.26.05:176][  0]LogPakFile: Registered encryption key '00000000000000000000000000000000': 0 pak files mounted, 0 remain pending
[2019.02.12-22.26.05:176][  0]LogPakFile: Registered encryption key '00000000000000000000000000000000': 0 pak files mounted, 0 remain pending
[2019.02.12-22.26.05:202][  0]LogContentBrowser: Native class hierarchy updated for 'AddContentDialog' in 0.0003 seconds. Added 0 classes and 0 folders.
[2019.02.12-22.26.05:213][  0]LogContentBrowser: Native class hierarchy updated for 'SceneOutliner' in 0.0005 seconds. Added 1 classes and 2 folders.
[2019.02.12-22.26.05:277][  0]LogSlate: Took 0.000135 seconds to synchronously load lazily loaded font '../../../Engine/Content/Slate/Fonts/Roboto-Regular.ttf' (155K)
[2019.02.12-22.26.05:281][  0]LogSlate: Took 0.000163 seconds to synchronously load lazily loaded font '../../../Engine/Content/Slate/Fonts/Roboto-Bold.ttf' (160K)
[2019.02.12-22.26.05:288][  0]LogSlate: Took 0.000124 seconds to synchronously load lazily loaded font '../../../Engine/Content/Editor/Slate/Fonts/FontAwesome.ttf' (139K)
[2019.02.12-22.26.05:371][  0]LogRenderer: Reallocating scene render targets to support 1644x884 Format 10 NumSamples 1 (Frame:1).
[2019.02.12-22.26.05:533][  0]LogContentBrowser: Native class hierarchy updated for 'HierarchicalLODOutliner' in 0.0004 seconds. Added 0 classes and 0 folders.
[2019.02.12-22.26.05:533][  0]LogLoad: (Engine Initialization) Total time: 14.02 seconds
[2019.02.12-22.26.05:533][  0]LogLoad: (Engine Initialization) Total Blueprint compile time: 0.00 seconds
[2019.02.12-22.26.05:621][  0]LogContentStreaming: Texture pool size now 1000 MB
[2019.02.12-22.26.05:625][  0]LogSlate: FSceneViewport::OnFocusLost() reason 2
[2019.02.12-22.26.07:891][239]LogSlate: Window 'Message Log' being destroyed
[2019.02.12-22.26.07:895][239]LogSlate: Window 'Message Log' being destroyed
[2019.02.12-22.26.09:656][448]LogSlate: FSceneViewport::OnFocusLost() reason 0
[2019.02.12-22.26.09:715][455]MapCheck: New page: Map Check
[2019.02.12-22.26.09:733][455]Cmd: MAP REBUILD ALLVISIBLE
[2019.02.12-22.26.09:733][455]LogEditorServer: Rebuildmap Clear paths rebuilt
[2019.02.12-22.26.09:860][455]LogMaterial: Display: Missing cached shader map for material FDebugViewModeMaterialProxy M_Metal_Brushed_Nickel, compiling. 
[2019.02.12-22.26.09:874][455]LogMaterial: Display: Missing cached shader map for material FDebugViewModeMaterialProxy M_TableRound, compiling. 
[2019.02.12-22.26.09:884][455]LogShaderCompilers: Display: Shaders left to compile 1
[2019.02.12-22.26.09:884][455]LogMaterial: Display: Missing cached shader map for material FDebugViewModeMaterialProxy M_Chair, compiling. 
[2019.02.12-22.26.09:893][455]LogMaterial: Display: Missing cached shader map for material FDebugViewModeMaterialProxy M_Metal_Copper, compiling. 
[2019.02.12-22.26.09:903][455]LogMaterial: Display: Missing cached shader map for material FDebugViewModeMaterialProxy M_StatueGlass, compiling. 
[2019.02.12-22.26.09:914][455]LogShaderCompilers: Display: Shaders left to compile 3
[2019.02.12-22.26.09:914][455]LogShaderCompilers: Display: Shaders left to compile 2
[2019.02.12-22.26.09:914][455]LogShaderCompilers: Display: Shaders left to compile 1
[2019.02.12-22.26.09:914][455]LogMaterial: Display: Missing cached shader map for material FDebugViewModeMaterialProxy M_Metal_Burnished_Steel, compiling. 
[2019.02.12-22.26.09:921][455]LogMaterial: Display: Missing cached shader map for material FDebugViewModeMaterialProxy MaterialInstanceDynamic_0, compiling. 
[2019.02.12-22.26.11:729][455]LogShaderCompilers: Display: Shaders left to compile 3
[2019.02.12-22.26.11:730][455]LogShaderCompilers: Display: Shaders left to compile 2
[2019.02.12-22.26.11:730][455]LogShaderCompilers: Display: Shaders left to compile 1
[2019.02.12-22.26.11:730][455]TextureStreamingBuild: Display: Compiling optional shaders took 1.877 seconds.
[2019.02.12-22.26.11:784][455]LogLevel: Display: Export Material TexCoord Scales took 0.054 seconds.
[2019.02.12-22.26.11:817][455]TextureStreamingBuild: Display: Build Texture Streaming took 0.033 seconds.
[2019.02.12-22.26.11:838][455]LightingResults: New page: Lighting Build - Feb 12, 2019, 6:26:11 AM
[2019.02.12-22.26.11:972][455]LogSwarmInterface: [OpenConnection] Registering TCP channel ...
[2019.02.12-22.26.12:247][455]LogSwarmInterface: [OpenConnection] Connecting to agent ...
[2019.02.12-22.26.12:268][455]LogSwarmInterface: [TryOpenConnection] Testing the Agent
[2019.02.12-22.26.12:919][455]LogSwarmInterface: [TryOpenConnection] Opening Connection to Agent
[2019.02.12-22.26.12:919][455]LogSwarmInterface: [TryOpenConnection] Local Process ID is 14800
[2019.02.12-22.26.17:909][455]LogStaticLightingSystem: Warning: No importance volume found, so the scene bounding box was used.  You can optimize your scene's quality and lighting build times by adding importance volumes.
[2019.02.12-22.26.17:909][455]LogStaticLightingSystem: Running Lightmass w/ ImmediateImport mode ENABLED
[2019.02.12-22.26.17:909][455]LogStaticLightingSystem: Running Lightmass w/ ImmediateProcess mode ENABLED
[2019.02.12-22.26.17:910][455]LogStaticLightingSystem: Running Lightmass w/ Sorting mode ENABLED
[2019.02.12-22.26.17:910][455]LogStaticLightingSystem: Running Lightmass w/ Mapping paddings ENABLED
[2019.02.12-22.26.17:910][455]LogStaticLightingSystem: Running Lightmass w/ Mapping debug paddings DISABLED
[2019.02.12-22.26.18:067][455]Cmd: MAP CHECK DONTDISPLAYDIALOG
[2019.02.12-22.26.18:068][455]MapCheck: New page: Minimal_Default - Feb 12, 2019, 6:26:18 AM
[2019.02.12-22.26.18:068][455]MapCheck: Error: WorldSettings_1 Maps need lighting rebuilt 
[2019.02.12-22.26.18:074][455]MapCheck: Map check complete: 1 Error(s), 0 Warning(s), took 6.547ms to complete.
[2019.02.12-22.26.18:100][455]LogEditorBuildUtils: Build time 0:08
[2019.02.12-22.26.18:124][455]LogAssetRegistry: Asset discovery search completed in 21.0008 seconds
[2019.02.12-22.26.18:126][455]LogCollectionManager: Rebuilt the object cache for 0 collections in 0.000000 seconds (found 0 objects)
[2019.02.12-22.26.18:126][455]LogCollectionManager: Fixed up redirectors for 0 collections in 0.000133 seconds (updated 0 objects)
[2019.02.12-22.26.20:940][464]Job is a success!
[2019.02.12-22.26.21:277][465]LogSlate: Took 0.000106 seconds to synchronously load lazily loaded font '../../../Engine/Content/Slate/Fonts/Roboto-Light.ttf' (167K)
[2019.02.12-22.26.21:307][465]LogVolumetricLightmapImport: Imported Volumetric Lightmap in 0.009s
[2019.02.12-22.26.21:307][465]LogVolumetricLightmapImport:      Indirection Texture 16x16x16 = 0.0Mb
[2019.02.12-22.26.21:307][465]LogVolumetricLightmapImport:      BrickData 30x5x5 = 0.0Mb
[2019.02.12-22.26.21:307][465]LogVolumetricLightmapImport:      Bricks at Level
[2019.02.12-22.26.21:307][465]LogVolumetricLightmapImport:          0: 16.7% covering 100.0% of volume
[2019.02.12-22.26.21:308][465]LogVolumetricLightmapImport:          1: 16.7% covering 1.6% of volume
[2019.02.12-22.26.21:308][465]LogVolumetricLightmapImport:          2: 66.7% covering 0.1% of volume
[2019.02.12-22.26.21:514][465]LogTexture: Display: Building textures: SkyOcclusion0_1 (AutoDXT, 512X256)
[2019.02.12-22.26.21:520][465]LogTexture: Display: Building textures: HQ_Lightmap0_1 (AutoDXT, 512X512)
[2019.02.12-22.26.21:520][465]LogTexture: Display: Building textures: LQ_Lightmap_0_1 (DXT1, 512X512)
[2019.02.12-22.26.21:520][465]LogTexture: Display: Building textures: SkyOcclusion0_2 (AutoDXT, 64X32)
[2019.02.12-22.26.21:521][465]LogTexture: Display: Building textures: HQ_Lightmap0_2 (AutoDXT, 64X64)
[2019.02.12-22.26.21:521][465]LogTexture: Display: Building textures: LQ_Lightmap_0_2 (DXT1, 64X64)
[2019.02.12-22.26.21:521][465]LogTexture: Display: Building textures: ShadowMapTexture2D_1 (G8, 32X32)
[2019.02.12-22.26.21:521][465]LogTexture: Display: Building textures: ShadowMapTexture2D_0 (G8, 1024X128)
[2019.02.12-22.26.21:550][465]Lightmass on UNIT-01: 2.02 sec total, 195 ms importing, 34 ms setup, 403 ms photons, 1.34 sec processing, 0 ms extra exporting [7/7 mappings]. Threads: 9.28 sec total, 1.81 sec processing.
[2019.02.12-22.26.21:581][465]LogStaticLightingSystem: Illumination: 9.41 sec (145 ms encoding lightmaps, 41 ms encoding shadowmaps)
[2019.02.12-22.26.21:582][465]LogStaticLightingSystem: Lightmap texture memory:  0.7 MB (0.7 MB streaming, 0.0 MB non-streaming), 4 textures
[2019.02.12-22.26.21:582][465]LogStaticLightingSystem: Shadowmap texture memory: 0.2 MB (0.2 MB streaming, 0.0 MB non-streaming), 2 textures
[2019.02.12-22.26.21:950][465]DumpUnbuiltLightIteractions
[2019.02.12-22.26.21:950][465]Lights with unbuilt interactions: 0
[2019.02.12-22.26.21:950][465]
[2019.02.12-22.26.21:950][465]Primitives with unbuilt interactions: 0
[2019.02.12-22.26.22:020][466]Cmd: MAP CHECK NOTIFYRESULTS
[2019.02.12-22.26.22:020][466]MapCheck: New page: Minimal_Default - Feb 12, 2019, 6:26:22 AM
[2019.02.12-22.26.22:021][466]MapCheck: Map check complete: 0 Error(s), 0 Warning(s), took 1.153ms to complete.
[2019.02.12-22.26.48:624][710]LogSlate: Window 'Message Log' being destroyed
[2019.02.12-22.26.48:628][710]LogSlate: Window 'Message Log' being destroyed
[2019.02.12-22.26.49:801][851]LogTemp: Repeating last play command: Selected Viewport
[2019.02.12-22.26.49:817][851]LogBlueprintUserMessages: Early PlayInEditor Detection: Level '/Game/StarterContent/Maps/Minimal_Default.Minimal_Default:PersistentLevel' has LevelScriptBlueprint '/Game/StarterContent/Maps/Minimal_Default.Minimal_Default:PersistentLevel.Minimal_Default' with GeneratedClass '/Game/StarterContent/Maps/Minimal_Default.Minimal_Default_C' with ClassGeneratedBy '/Game/StarterContent/Maps/Minimal_Default.Minimal_Default:PersistentLevel.Minimal_Default'
[2019.02.12-22.26.49:817][851]LogPlayLevel: PlayLevel: No blueprints needed recompiling
[2019.02.12-22.26.49:817][851]PIE: New page: PIE session: Minimal_Default (Feb 12, 2019, 6:26:49 AM)
[2019.02.12-22.26.49:832][851]LogPlayLevel: Creating play world package: /Game/StarterContent/Maps/UEDPIE_0_Minimal_Default
[2019.02.12-22.26.49:837][851]LogPlayLevel: PIE: StaticDuplicateObject took: (0.004932s)
[2019.02.12-22.26.49:838][851]LogAIModule: Creating AISystem for world Minimal_Default
[2019.02.12-22.26.49:839][851]LogPlayLevel: PIE: World Init took: (0.001254s)
[2019.02.12-22.26.49:839][851]LogPlayLevel: PIE: Created PIE world by copying editor world from /Game/StarterContent/Maps/Minimal_Default.Minimal_Default to /Game/StarterContent/Maps/UEDPIE_0_Minimal_Default.Minimal_Default (0.006729s)
[2019.02.12-22.26.49:933][851]LogInit: XAudio2 using 'Headphones (LE_WH-1000XM3 Stereo)' : 2 channels at 44.1 kHz using 16 bits per sample (channel mask 0x3)
[2019.02.12-22.26.49:944][851]LogInit: FAudioDevice initialized.
[2019.02.12-22.26.49:990][851]LogUObjectGlobals: Warning: Failed to find object 'Class /Script/HSP_Game.HSP_GameGameMode'
[2019.02.12-22.26.49:990][851]LogLoad: Game class is 'GameModeBase'
[2019.02.12-22.26.49:992][851]LogWorld: Bringing World /Game/StarterContent/Maps/UEDPIE_0_Minimal_Default.Minimal_Default up for play (max tick rate 0) at 2019.02.12-14.26.49
[2019.02.12-22.26.49:992][851]LogWorld: Bringing up level for play took: 0.000729
[2019.02.12-22.26.50:007][851]LogContentBrowser: Native class hierarchy updated for 'MovieSceneCapture' in 0.0003 seconds. Added 20 classes and 0 folders.
[2019.02.12-22.26.50:009][851]PIE: Play in editor start time for /Game/StarterContent/Maps/UEDPIE_0_Minimal_Default 0.854
[2019.02.12-22.26.50:009][851]LogBlueprintUserMessages: Late PlayInEditor Detection: Level '/Game/StarterContent/Maps/Minimal_Default.Minimal_Default:PersistentLevel' has LevelScriptBlueprint '/Game/StarterContent/Maps/Minimal_Default.Minimal_Default:PersistentLevel.Minimal_Default' with GeneratedClass '/Game/StarterContent/Maps/Minimal_Default.Minimal_Default_C' with ClassGeneratedBy '/Game/StarterContent/Maps/Minimal_Default.Minimal_Default:PersistentLevel.Minimal_Default'
[2019.02.12-22.26.57:095][697]LogBlueprintUserMessages: Early EndPlayMap Detection: Level '/Game/StarterContent/Maps/Minimal_Default.Minimal_Default:PersistentLevel' has LevelScriptBlueprint '/Game/StarterContent/Maps/Minimal_Default.Minimal_Default:PersistentLevel.Minimal_Default' with GeneratedClass '/Game/StarterContent/Maps/Minimal_Default.Minimal_Default_C' with ClassGeneratedBy '/Game/StarterContent/Maps/Minimal_Default.Minimal_Default:PersistentLevel.Minimal_Default'
[2019.02.12-22.26.57:096][697]LogSlate: Updating window title bar state: overlay mode, drag disabled, window buttons hidden, title bar hidden
[2019.02.12-22.26.57:132][697]LogPlayLevel: Display: Shutting down PIE online subsystems
[2019.02.12-22.26.57:132][697]LogBlueprintUserMessages: Late EndPlayMap Detection: Level '/Game/StarterContent/Maps/Minimal_Default.Minimal_Default:PersistentLevel' has LevelScriptBlueprint '/Game/StarterContent/Maps/Minimal_Default.Minimal_Default:PersistentLevel.Minimal_Default' with GeneratedClass '/Game/StarterContent/Maps/Minimal_Default.Minimal_Default_C' with ClassGeneratedBy '/Game/StarterContent/Maps/Minimal_Default.Minimal_Default:PersistentLevel.Minimal_Default'
[2019.02.12-22.26.57:151][697]LogSlate: Updating window title bar state: overlay mode, drag disabled, window buttons hidden, title bar hidden
[2019.02.12-22.26.57:200][700]LogPlayLevel: Display: Destroying online subsystem :Context_1
[2019.02.12-22.27.01:288][190]LogSlate: FSceneViewport::OnFocusLost() reason 0
[2019.02.12-22.27.12:335][465]LogSlate: Took 0.000144 seconds to synchronously load lazily loaded font '../../../Engine/Content/Slate/Fonts/Roboto-BoldCondensed.ttf' (158K)
[2019.02.12-22.27.57:565][655]Running G:/Games/Epic/Games/UE_4.21/Engine/Binaries/DotNET/UnrealBuildTool.exe Win64 Development -TargetType=Editor -Project="C:/Users/gosus/Documents/CP-School/SeniorProject/gitRepos/Senior-Project-Game/HSP_Game/HSP_Game.uproject" -invalidatemakefilesonly
[2019.02.12-22.27.58:172][655]Invalidating makefiles only in this run.
[2019.02.12-22.27.58:436][655]Candidate modules for hot reload:
[2019.02.12-22.27.58:436][655]  HSP_Game
[2019.02.12-22.27.58:436][655]Launching UnrealBuildTool... [G:/Games/Epic/Games/UE_4.21/Engine/Binaries/DotNET/UnrealBuildTool.exe  -ModuleWithSuffix=HSP_Game,3810 Win64 Development -TargetType=Editor -Project="C:/Users/gosus/Documents/CP-School/SeniorProject/gitRepos/Senior-Project-Game/HSP_Game/HSP_Game.uproject" -canskiplink "C:/Users/gosus/Documents/CP-School/SeniorProject/gitRepos/Senior-Project-Game/HSP_Game/HSP_Game.uproject" ]
[2019.02.12-22.28.15:099][655]CompilerResultsLog: New page: Compilation - Feb 12, 2019, 6:28:15 AM
[2019.02.12-22.28.15:099][655]CompilerResultsLog: Using 'git status' to determine working set for adaptive non-unity build (C:\Users\gosus\Documents\CP-School\SeniorProject\gitRepos\Senior-Project-Game).
[2019.02.12-22.28.15:099][655]CompilerResultsLog: Creating makefile for hot reloading HSP_GameEditor (no existing makefile)
[2019.02.12-22.28.15:099][655]CompilerResultsLog: Compiling game modules for hot reload
[2019.02.12-22.28.15:099][655]CompilerResultsLog: Using Visual Studio 2017 14.16.27023 toolchain (C:\Program Files (x86)\Microsoft Visual Studio\2017\Community\VC\Tools\MSVC\14.16.27023) and Windows 10.0.17763.0 SDK (C:\Program Files (x86)\Windows Kits\10).
[2019.02.12-22.28.15:099][655]CompilerResultsLog: Parsing headers for HSP_GameEditor
[2019.02.12-22.28.15:099][655]CompilerResultsLog:   Running UnrealHeaderTool "C:\Users\gosus\Documents\CP-School\SeniorProject\gitRepos\Senior-Project-Game\HSP_Game\HSP_Game.uproject" "C:\Users\gosus\Documents\CP-School\SeniorProject\gitRepos\Senior-Project-Game\HSP_Game\Intermediate\Build\Win64\HSP_GameEditor\Development\HSP_GameEditor.uhtmanifest" -LogCmds="loginit warning, logexit warning, logdatabase error" -Unattended -WarningsAsErrors -installed
[2019.02.12-22.28.15:099][655]CompilerResultsLog: Reflection code generated for HSP_GameEditor in 9.761095 seconds
[2019.02.12-22.28.15:100][655]CompilerResultsLog: Building 8 actions with 8 processes...
[2019.02.12-22.28.15:100][655]CompilerResultsLog:   [1/8] HSP_Game.cpp
[2019.02.12-22.28.15:100][655]CompilerResultsLog:   [2/8] HSP_GameGameModeBase.cpp
[2019.02.12-22.28.15:100][655]CompilerResultsLog:   [3/8] HSP_Game.init.gen.cpp
[2019.02.12-22.28.15:100][655]CompilerResultsLog:   [4/8] ProtagCharacter.cpp
[2019.02.12-22.28.15:100][655]CompilerResultsLog:   [5/8] HSP_GameGameModeBase.gen.cpp
[2019.02.12-22.28.15:100][655]CompilerResultsLog:   [6/8] ProtagCharacter.gen.cpp
[2019.02.12-22.28.15:100][655]CompilerResultsLog:   [7/8] UE4Editor-HSP_Game-3810.lib
[2019.02.12-22.28.15:100][655]CompilerResultsLog:      Creating library C:\Users\gosus\Documents\CP-School\SeniorProject\gitRepos\Senior-Project-Game\HSP_Game\Intermediate\Build\Win64\UE4Editor\Development\HSP_Game\UE4Editor-HSP_Game-3810.lib and object C:\Users\gosus\Documents\CP-School\SeniorProject\gitRepos\Senior-Project-Game\HSP_Game\Intermediate\Build\Win64\UE4Editor\Development\HSP_Game\UE4Editor-HSP_Game-3810.exp
[2019.02.12-22.28.15:100][655]CompilerResultsLog:   [8/8] UE4Editor-HSP_Game-3810.dll
[2019.02.12-22.28.15:100][655]CompilerResultsLog:      Creating library C:\Users\gosus\Documents\CP-School\SeniorProject\gitRepos\Senior-Project-Game\HSP_Game\Intermediate\Build\Win64\UE4Editor\Development\HSP_Game\UE4Editor-HSP_Game-3810.suppressed.lib and object C:\Users\gosus\Documents\CP-School\SeniorProject\gitRepos\Senior-Project-Game\HSP_Game\Intermediate\Build\Win64\UE4Editor\Development\HSP_Game\UE4Editor-HSP_Game-3810.suppressed.exp
[2019.02.12-22.28.15:100][655]CompilerResultsLog: Total build time: 16.43 seconds (Parallel executor: 1.91 seconds)
[2019.02.12-22.28.15:100][655]LogMainFrame: MainFrame: Module compiling took 16.667 seconds
[2019.02.12-22.28.15:144][655]LogClass: Could not find existing class ProtagCharacter in package /Script/HSP_Game for HotReload, assuming new class
[2019.02.12-22.28.15:146][655]LogContentBrowser: Native class hierarchy updated for 'HSP_Game' in 0.0003 seconds. Added 2 classes and 2 folders.
[2019.02.12-22.28.15:149][655]Display: HotReload successful (0 functions remapped  0 scriptstructs remapped)
[2019.02.12-22.28.15:269][655]LogContentBrowser: Native class hierarchy populated in 0.0078 seconds. Added 2654 classes and 624 folders.
[2019.02.12-22.28.15:270][655]Display: HotReload took 17.0s.
[2019.02.12-22.28.15:271][655]Warning: HotReload operation took 17.0s.
[2019.02.12-22.28.15:766][655]LogVSAccessor: Warning: Couldn't goto line number '1' in 'C:/Users/gosus/Documents/CP-School/SeniorProject/gitRepos/Senior-Project-Game/HSP_Game/Source/HSP_Game/ProtagCharacter.h'
[2019.02.12-22.28.15:915][655]LogSlate: Window 'Add C++ Class' being destroyed
[2019.02.12-22.28.15:963][656]LogHotReload: New module detected: UE4Editor-HSP_Game-3810.dll
[2019.02.12-22.28.15:987][657]LogHotReload: Starting Hot-Reload from IDE
[2019.02.12-22.28.16:039][657]LogContentBrowser: Native class hierarchy updated for 'HSP_Game' in 0.0006 seconds. Added 2 classes and 2 folders.
[2019.02.12-22.28.16:043][657]Display: HotReload successful (0 functions remapped  0 scriptstructs remapped)
[2019.02.12-22.28.16:079][657]LogContentBrowser: Native class hierarchy populated in 0.0109 seconds. Added 2654 classes and 624 folders.
[2019.02.12-22.28.16:082][657]Display: HotReload took  0.1s.
[2019.02.12-22.29.05:558][204]LogUnrealEdMisc: Warning: Heartbeat event firing too frequently (49.595 sec). This should never happen. Something is wrong with the timer delegate!
